[2026-04-28T06:44:38.054+0000] {processor.py:161} INFO - Started process (PID=171) to work on /opt/airflow/dags/retrain_dag.py
[2026-04-28T06:44:38.115+0000] {processor.py:830} INFO - Processing file /opt/airflow/dags/retrain_dag.py for tasks to queue
[2026-04-28T06:44:38.144+0000] {logging_mixin.py:188} INFO - [2026-04-28T06:44:38.141+0000] {dagbag.py:538} INFO - Filling up the DagBag from /opt/airflow/dags/retrain_dag.py
[2026-04-28T06:44:38.402+0000] {processor.py:840} INFO - DAG(s) 'stock_prediction_pipeline' retrieved from /opt/airflow/dags/retrain_dag.py
[2026-04-28T06:44:40.789+0000] {logging_mixin.py:188} INFO - [2026-04-28T06:44:40.788+0000] {override.py:1769} INFO - Created Permission View: can read on DAG:stock_prediction_pipeline
[2026-04-28T06:44:40.803+0000] {logging_mixin.py:188} INFO - [2026-04-28T06:44:40.803+0000] {override.py:1769} INFO - Created Permission View: can edit on DAG:stock_prediction_pipeline
[2026-04-28T06:44:40.811+0000] {logging_mixin.py:188} INFO - [2026-04-28T06:44:40.811+0000] {override.py:1769} INFO - Created Permission View: can delete on DAG:stock_prediction_pipeline
[2026-04-28T06:44:40.812+0000] {logging_mixin.py:188} INFO - [2026-04-28T06:44:40.812+0000] {dag.py:3036} INFO - Sync 1 DAGs
[2026-04-28T06:44:40.835+0000] {logging_mixin.py:188} INFO - [2026-04-28T06:44:40.835+0000] {dag.py:3058} INFO - Creating ORM DAG for stock_prediction_pipeline
[2026-04-28T06:44:40.858+0000] {logging_mixin.py:188} INFO - [2026-04-28T06:44:40.857+0000] {dag.py:3823} INFO - Setting next_dagrun for stock_prediction_pipeline to 2026-04-27 00:00:00+00:00, run_after=2026-04-28 00:00:00+00:00
[2026-04-28T06:44:40.890+0000] {processor.py:183} INFO - Processing /opt/airflow/dags/retrain_dag.py took 2.947 seconds
[2026-04-28T06:45:11.151+0000] {processor.py:161} INFO - Started process (PID=176) to work on /opt/airflow/dags/retrain_dag.py
[2026-04-28T06:45:11.152+0000] {processor.py:830} INFO - Processing file /opt/airflow/dags/retrain_dag.py for tasks to queue
[2026-04-28T06:45:11.154+0000] {logging_mixin.py:188} INFO - [2026-04-28T06:45:11.153+0000] {dagbag.py:538} INFO - Filling up the DagBag from /opt/airflow/dags/retrain_dag.py
[2026-04-28T06:45:11.180+0000] {processor.py:840} INFO - DAG(s) 'stock_prediction_pipeline' retrieved from /opt/airflow/dags/retrain_dag.py
[2026-04-28T06:45:11.223+0000] {logging_mixin.py:188} INFO - [2026-04-28T06:45:11.223+0000] {dag.py:3036} INFO - Sync 1 DAGs
[2026-04-28T06:45:11.285+0000] {logging_mixin.py:188} INFO - [2026-04-28T06:45:11.284+0000] {dag.py:3823} INFO - Setting next_dagrun for stock_prediction_pipeline to 2026-04-27 00:00:00+00:00, run_after=2026-04-28 00:00:00+00:00
[2026-04-28T06:45:11.324+0000] {processor.py:183} INFO - Processing /opt/airflow/dags/retrain_dag.py took 0.177 seconds
[2026-04-28T06:45:41.535+0000] {processor.py:161} INFO - Started process (PID=181) to work on /opt/airflow/dags/retrain_dag.py
[2026-04-28T06:45:41.539+0000] {processor.py:830} INFO - Processing file /opt/airflow/dags/retrain_dag.py for tasks to queue
[2026-04-28T06:45:41.541+0000] {logging_mixin.py:188} INFO - [2026-04-28T06:45:41.541+0000] {dagbag.py:538} INFO - Filling up the DagBag from /opt/airflow/dags/retrain_dag.py
[2026-04-28T06:45:41.589+0000] {processor.py:840} INFO - DAG(s) 'stock_prediction_pipeline' retrieved from /opt/airflow/dags/retrain_dag.py
[2026-04-28T06:45:41.654+0000] {logging_mixin.py:188} INFO - [2026-04-28T06:45:41.654+0000] {dag.py:3036} INFO - Sync 1 DAGs
[2026-04-28T06:45:41.695+0000] {logging_mixin.py:188} INFO - [2026-04-28T06:45:41.694+0000] {dag.py:3823} INFO - Setting next_dagrun for stock_prediction_pipeline to 2026-04-27 00:00:00+00:00, run_after=2026-04-28 00:00:00+00:00
[2026-04-28T06:45:41.719+0000] {processor.py:183} INFO - Processing /opt/airflow/dags/retrain_dag.py took 0.196 seconds
[2026-04-28T06:46:11.937+0000] {processor.py:161} INFO - Started process (PID=186) to work on /opt/airflow/dags/retrain_dag.py
[2026-04-28T06:46:11.939+0000] {processor.py:830} INFO - Processing file /opt/airflow/dags/retrain_dag.py for tasks to queue
[2026-04-28T06:46:11.941+0000] {logging_mixin.py:188} INFO - [2026-04-28T06:46:11.940+0000] {dagbag.py:538} INFO - Filling up the DagBag from /opt/airflow/dags/retrain_dag.py
[2026-04-28T06:46:11.984+0000] {processor.py:840} INFO - DAG(s) 'stock_prediction_pipeline' retrieved from /opt/airflow/dags/retrain_dag.py
[2026-04-28T06:46:12.036+0000] {logging_mixin.py:188} INFO - [2026-04-28T06:46:12.035+0000] {dag.py:3036} INFO - Sync 1 DAGs
[2026-04-28T06:46:12.066+0000] {logging_mixin.py:188} INFO - [2026-04-28T06:46:12.066+0000] {dag.py:3823} INFO - Setting next_dagrun for stock_prediction_pipeline to 2026-04-27 00:00:00+00:00, run_after=2026-04-28 00:00:00+00:00
[2026-04-28T06:46:12.087+0000] {processor.py:183} INFO - Processing /opt/airflow/dags/retrain_dag.py took 0.159 seconds
[2026-04-28T06:46:42.281+0000] {processor.py:161} INFO - Started process (PID=197) to work on /opt/airflow/dags/retrain_dag.py
[2026-04-28T06:46:42.282+0000] {processor.py:830} INFO - Processing file /opt/airflow/dags/retrain_dag.py for tasks to queue
[2026-04-28T06:46:42.283+0000] {logging_mixin.py:188} INFO - [2026-04-28T06:46:42.283+0000] {dagbag.py:538} INFO - Filling up the DagBag from /opt/airflow/dags/retrain_dag.py
[2026-04-28T06:46:42.305+0000] {processor.py:840} INFO - DAG(s) 'stock_prediction_pipeline' retrieved from /opt/airflow/dags/retrain_dag.py
[2026-04-28T06:46:42.329+0000] {logging_mixin.py:188} INFO - [2026-04-28T06:46:42.328+0000] {dag.py:3036} INFO - Sync 1 DAGs
[2026-04-28T06:46:42.345+0000] {logging_mixin.py:188} INFO - [2026-04-28T06:46:42.345+0000] {dag.py:3823} INFO - Setting next_dagrun for stock_prediction_pipeline to 2026-04-28 00:00:00+00:00, run_after=2026-04-29 00:00:00+00:00
[2026-04-28T06:46:42.362+0000] {processor.py:183} INFO - Processing /opt/airflow/dags/retrain_dag.py took 0.084 seconds
[2026-04-28T06:47:12.454+0000] {processor.py:161} INFO - Started process (PID=211) to work on /opt/airflow/dags/retrain_dag.py
[2026-04-28T06:47:12.455+0000] {processor.py:830} INFO - Processing file /opt/airflow/dags/retrain_dag.py for tasks to queue
[2026-04-28T06:47:12.456+0000] {logging_mixin.py:188} INFO - [2026-04-28T06:47:12.456+0000] {dagbag.py:538} INFO - Filling up the DagBag from /opt/airflow/dags/retrain_dag.py
[2026-04-28T06:47:12.477+0000] {processor.py:840} INFO - DAG(s) 'stock_prediction_pipeline' retrieved from /opt/airflow/dags/retrain_dag.py
[2026-04-28T06:47:12.503+0000] {logging_mixin.py:188} INFO - [2026-04-28T06:47:12.503+0000] {dag.py:3036} INFO - Sync 1 DAGs
[2026-04-28T06:47:12.523+0000] {logging_mixin.py:188} INFO - [2026-04-28T06:47:12.523+0000] {dag.py:3823} INFO - Setting next_dagrun for stock_prediction_pipeline to 2026-04-28 00:00:00+00:00, run_after=2026-04-29 00:00:00+00:00
[2026-04-28T06:47:12.543+0000] {processor.py:183} INFO - Processing /opt/airflow/dags/retrain_dag.py took 0.093 seconds
[2026-04-28T06:47:42.717+0000] {processor.py:161} INFO - Started process (PID=216) to work on /opt/airflow/dags/retrain_dag.py
[2026-04-28T06:47:42.717+0000] {processor.py:830} INFO - Processing file /opt/airflow/dags/retrain_dag.py for tasks to queue
[2026-04-28T06:47:42.718+0000] {logging_mixin.py:188} INFO - [2026-04-28T06:47:42.718+0000] {dagbag.py:538} INFO - Filling up the DagBag from /opt/airflow/dags/retrain_dag.py
[2026-04-28T06:47:42.738+0000] {processor.py:840} INFO - DAG(s) 'stock_prediction_pipeline' retrieved from /opt/airflow/dags/retrain_dag.py
[2026-04-28T06:47:42.763+0000] {logging_mixin.py:188} INFO - [2026-04-28T06:47:42.763+0000] {dag.py:3036} INFO - Sync 1 DAGs
[2026-04-28T06:47:42.780+0000] {logging_mixin.py:188} INFO - [2026-04-28T06:47:42.780+0000] {dag.py:3823} INFO - Setting next_dagrun for stock_prediction_pipeline to 2026-04-28 00:00:00+00:00, run_after=2026-04-29 00:00:00+00:00
[2026-04-28T06:47:42.795+0000] {processor.py:183} INFO - Processing /opt/airflow/dags/retrain_dag.py took 0.081 seconds
[2026-04-28T06:48:12.889+0000] {processor.py:161} INFO - Started process (PID=221) to work on /opt/airflow/dags/retrain_dag.py
[2026-04-28T06:48:12.889+0000] {processor.py:830} INFO - Processing file /opt/airflow/dags/retrain_dag.py for tasks to queue
[2026-04-28T06:48:12.890+0000] {logging_mixin.py:188} INFO - [2026-04-28T06:48:12.890+0000] {dagbag.py:538} INFO - Filling up the DagBag from /opt/airflow/dags/retrain_dag.py
[2026-04-28T06:48:12.909+0000] {processor.py:840} INFO - DAG(s) 'stock_prediction_pipeline' retrieved from /opt/airflow/dags/retrain_dag.py
[2026-04-28T06:48:12.937+0000] {logging_mixin.py:188} INFO - [2026-04-28T06:48:12.937+0000] {dag.py:3036} INFO - Sync 1 DAGs
[2026-04-28T06:48:12.957+0000] {logging_mixin.py:188} INFO - [2026-04-28T06:48:12.957+0000] {dag.py:3823} INFO - Setting next_dagrun for stock_prediction_pipeline to 2026-04-28 00:00:00+00:00, run_after=2026-04-29 00:00:00+00:00
[2026-04-28T06:48:12.974+0000] {processor.py:183} INFO - Processing /opt/airflow/dags/retrain_dag.py took 0.088 seconds
[2026-04-28T06:48:43.139+0000] {processor.py:161} INFO - Started process (PID=226) to work on /opt/airflow/dags/retrain_dag.py
[2026-04-28T06:48:43.140+0000] {processor.py:830} INFO - Processing file /opt/airflow/dags/retrain_dag.py for tasks to queue
[2026-04-28T06:48:43.141+0000] {logging_mixin.py:188} INFO - [2026-04-28T06:48:43.140+0000] {dagbag.py:538} INFO - Filling up the DagBag from /opt/airflow/dags/retrain_dag.py
[2026-04-28T06:48:43.162+0000] {processor.py:840} INFO - DAG(s) 'stock_prediction_pipeline' retrieved from /opt/airflow/dags/retrain_dag.py
[2026-04-28T06:48:43.188+0000] {logging_mixin.py:188} INFO - [2026-04-28T06:48:43.188+0000] {dag.py:3036} INFO - Sync 1 DAGs
[2026-04-28T06:48:43.209+0000] {logging_mixin.py:188} INFO - [2026-04-28T06:48:43.209+0000] {dag.py:3823} INFO - Setting next_dagrun for stock_prediction_pipeline to 2026-04-28 00:00:00+00:00, run_after=2026-04-29 00:00:00+00:00
[2026-04-28T06:48:43.228+0000] {processor.py:183} INFO - Processing /opt/airflow/dags/retrain_dag.py took 0.093 seconds
[2026-04-28T06:49:13.329+0000] {processor.py:161} INFO - Started process (PID=231) to work on /opt/airflow/dags/retrain_dag.py
[2026-04-28T06:49:13.330+0000] {processor.py:830} INFO - Processing file /opt/airflow/dags/retrain_dag.py for tasks to queue
[2026-04-28T06:49:13.331+0000] {logging_mixin.py:188} INFO - [2026-04-28T06:49:13.331+0000] {dagbag.py:538} INFO - Filling up the DagBag from /opt/airflow/dags/retrain_dag.py
[2026-04-28T06:49:13.352+0000] {processor.py:840} INFO - DAG(s) 'stock_prediction_pipeline' retrieved from /opt/airflow/dags/retrain_dag.py
[2026-04-28T06:49:13.383+0000] {logging_mixin.py:188} INFO - [2026-04-28T06:49:13.383+0000] {dag.py:3036} INFO - Sync 1 DAGs
[2026-04-28T06:49:13.406+0000] {logging_mixin.py:188} INFO - [2026-04-28T06:49:13.406+0000] {dag.py:3823} INFO - Setting next_dagrun for stock_prediction_pipeline to 2026-04-28 00:00:00+00:00, run_after=2026-04-29 00:00:00+00:00
[2026-04-28T06:49:13.423+0000] {processor.py:183} INFO - Processing /opt/airflow/dags/retrain_dag.py took 0.097 seconds
[2026-04-28T06:49:43.616+0000] {processor.py:161} INFO - Started process (PID=236) to work on /opt/airflow/dags/retrain_dag.py
[2026-04-28T06:49:43.617+0000] {processor.py:830} INFO - Processing file /opt/airflow/dags/retrain_dag.py for tasks to queue
[2026-04-28T06:49:43.618+0000] {logging_mixin.py:188} INFO - [2026-04-28T06:49:43.618+0000] {dagbag.py:538} INFO - Filling up the DagBag from /opt/airflow/dags/retrain_dag.py
[2026-04-28T06:49:43.642+0000] {processor.py:840} INFO - DAG(s) 'stock_prediction_pipeline' retrieved from /opt/airflow/dags/retrain_dag.py
[2026-04-28T06:49:43.668+0000] {logging_mixin.py:188} INFO - [2026-04-28T06:49:43.668+0000] {dag.py:3036} INFO - Sync 1 DAGs
[2026-04-28T06:49:43.688+0000] {logging_mixin.py:188} INFO - [2026-04-28T06:49:43.687+0000] {dag.py:3823} INFO - Setting next_dagrun for stock_prediction_pipeline to 2026-04-28 00:00:00+00:00, run_after=2026-04-29 00:00:00+00:00
[2026-04-28T06:49:43.708+0000] {processor.py:183} INFO - Processing /opt/airflow/dags/retrain_dag.py took 0.095 seconds
[2026-04-28T06:50:13.806+0000] {processor.py:161} INFO - Started process (PID=241) to work on /opt/airflow/dags/retrain_dag.py
[2026-04-28T06:50:13.807+0000] {processor.py:830} INFO - Processing file /opt/airflow/dags/retrain_dag.py for tasks to queue
[2026-04-28T06:50:13.808+0000] {logging_mixin.py:188} INFO - [2026-04-28T06:50:13.808+0000] {dagbag.py:538} INFO - Filling up the DagBag from /opt/airflow/dags/retrain_dag.py
[2026-04-28T06:50:13.833+0000] {processor.py:840} INFO - DAG(s) 'stock_prediction_pipeline' retrieved from /opt/airflow/dags/retrain_dag.py
[2026-04-28T06:50:13.862+0000] {logging_mixin.py:188} INFO - [2026-04-28T06:50:13.862+0000] {dag.py:3036} INFO - Sync 1 DAGs
[2026-04-28T06:50:13.883+0000] {logging_mixin.py:188} INFO - [2026-04-28T06:50:13.883+0000] {dag.py:3823} INFO - Setting next_dagrun for stock_prediction_pipeline to 2026-04-28 00:00:00+00:00, run_after=2026-04-29 00:00:00+00:00
[2026-04-28T06:50:13.901+0000] {processor.py:183} INFO - Processing /opt/airflow/dags/retrain_dag.py took 0.098 seconds
[2026-04-28T06:50:44.053+0000] {processor.py:161} INFO - Started process (PID=246) to work on /opt/airflow/dags/retrain_dag.py
[2026-04-28T06:50:44.054+0000] {processor.py:830} INFO - Processing file /opt/airflow/dags/retrain_dag.py for tasks to queue
[2026-04-28T06:50:44.054+0000] {logging_mixin.py:188} INFO - [2026-04-28T06:50:44.054+0000] {dagbag.py:538} INFO - Filling up the DagBag from /opt/airflow/dags/retrain_dag.py
[2026-04-28T06:50:44.074+0000] {processor.py:840} INFO - DAG(s) 'stock_prediction_pipeline' retrieved from /opt/airflow/dags/retrain_dag.py
[2026-04-28T06:50:44.097+0000] {logging_mixin.py:188} INFO - [2026-04-28T06:50:44.097+0000] {dag.py:3036} INFO - Sync 1 DAGs
[2026-04-28T06:50:44.114+0000] {logging_mixin.py:188} INFO - [2026-04-28T06:50:44.114+0000] {dag.py:3823} INFO - Setting next_dagrun for stock_prediction_pipeline to 2026-04-28 00:00:00+00:00, run_after=2026-04-29 00:00:00+00:00
[2026-04-28T06:50:44.130+0000] {processor.py:183} INFO - Processing /opt/airflow/dags/retrain_dag.py took 0.080 seconds
[2026-04-28T06:51:14.221+0000] {processor.py:161} INFO - Started process (PID=251) to work on /opt/airflow/dags/retrain_dag.py
[2026-04-28T06:51:14.222+0000] {processor.py:830} INFO - Processing file /opt/airflow/dags/retrain_dag.py for tasks to queue
[2026-04-28T06:51:14.224+0000] {logging_mixin.py:188} INFO - [2026-04-28T06:51:14.223+0000] {dagbag.py:538} INFO - Filling up the DagBag from /opt/airflow/dags/retrain_dag.py
[2026-04-28T06:51:14.243+0000] {processor.py:840} INFO - DAG(s) 'stock_prediction_pipeline' retrieved from /opt/airflow/dags/retrain_dag.py
[2026-04-28T06:51:14.268+0000] {logging_mixin.py:188} INFO - [2026-04-28T06:51:14.267+0000] {dag.py:3036} INFO - Sync 1 DAGs
[2026-04-28T06:51:14.285+0000] {logging_mixin.py:188} INFO - [2026-04-28T06:51:14.285+0000] {dag.py:3823} INFO - Setting next_dagrun for stock_prediction_pipeline to 2026-04-28 00:00:00+00:00, run_after=2026-04-29 00:00:00+00:00
[2026-04-28T06:51:14.301+0000] {processor.py:183} INFO - Processing /opt/airflow/dags/retrain_dag.py took 0.082 seconds
[2026-04-28T06:51:44.444+0000] {processor.py:161} INFO - Started process (PID=262) to work on /opt/airflow/dags/retrain_dag.py
[2026-04-28T06:51:44.445+0000] {processor.py:830} INFO - Processing file /opt/airflow/dags/retrain_dag.py for tasks to queue
[2026-04-28T06:51:44.446+0000] {logging_mixin.py:188} INFO - [2026-04-28T06:51:44.446+0000] {dagbag.py:538} INFO - Filling up the DagBag from /opt/airflow/dags/retrain_dag.py
[2026-04-28T06:51:44.468+0000] {processor.py:840} INFO - DAG(s) 'stock_prediction_pipeline' retrieved from /opt/airflow/dags/retrain_dag.py
[2026-04-28T06:51:44.493+0000] {logging_mixin.py:188} INFO - [2026-04-28T06:51:44.493+0000] {dag.py:3036} INFO - Sync 1 DAGs
[2026-04-28T06:51:44.508+0000] {logging_mixin.py:188} INFO - [2026-04-28T06:51:44.508+0000] {dag.py:3823} INFO - Setting next_dagrun for stock_prediction_pipeline to 2026-04-28 00:00:00+00:00, run_after=2026-04-29 00:00:00+00:00
[2026-04-28T06:51:44.526+0000] {processor.py:183} INFO - Processing /opt/airflow/dags/retrain_dag.py took 0.086 seconds
[2026-04-28T06:52:14.620+0000] {processor.py:161} INFO - Started process (PID=276) to work on /opt/airflow/dags/retrain_dag.py
[2026-04-28T06:52:14.621+0000] {processor.py:830} INFO - Processing file /opt/airflow/dags/retrain_dag.py for tasks to queue
[2026-04-28T06:52:14.622+0000] {logging_mixin.py:188} INFO - [2026-04-28T06:52:14.622+0000] {dagbag.py:538} INFO - Filling up the DagBag from /opt/airflow/dags/retrain_dag.py
[2026-04-28T06:52:14.639+0000] {processor.py:840} INFO - DAG(s) 'stock_prediction_pipeline' retrieved from /opt/airflow/dags/retrain_dag.py
[2026-04-28T06:52:14.660+0000] {logging_mixin.py:188} INFO - [2026-04-28T06:52:14.660+0000] {dag.py:3036} INFO - Sync 1 DAGs
[2026-04-28T06:52:14.674+0000] {logging_mixin.py:188} INFO - [2026-04-28T06:52:14.674+0000] {dag.py:3823} INFO - Setting next_dagrun for stock_prediction_pipeline to 2026-04-28 00:00:00+00:00, run_after=2026-04-29 00:00:00+00:00
[2026-04-28T06:52:14.688+0000] {processor.py:183} INFO - Processing /opt/airflow/dags/retrain_dag.py took 0.070 seconds
[2026-04-28T06:52:44.856+0000] {processor.py:161} INFO - Started process (PID=281) to work on /opt/airflow/dags/retrain_dag.py
[2026-04-28T06:52:44.857+0000] {processor.py:830} INFO - Processing file /opt/airflow/dags/retrain_dag.py for tasks to queue
[2026-04-28T06:52:44.858+0000] {logging_mixin.py:188} INFO - [2026-04-28T06:52:44.857+0000] {dagbag.py:538} INFO - Filling up the DagBag from /opt/airflow/dags/retrain_dag.py
[2026-04-28T06:52:44.877+0000] {processor.py:840} INFO - DAG(s) 'stock_prediction_pipeline' retrieved from /opt/airflow/dags/retrain_dag.py
[2026-04-28T06:52:44.899+0000] {logging_mixin.py:188} INFO - [2026-04-28T06:52:44.899+0000] {dag.py:3036} INFO - Sync 1 DAGs
[2026-04-28T06:52:44.917+0000] {logging_mixin.py:188} INFO - [2026-04-28T06:52:44.917+0000] {dag.py:3823} INFO - Setting next_dagrun for stock_prediction_pipeline to 2026-04-28 00:00:00+00:00, run_after=2026-04-29 00:00:00+00:00
[2026-04-28T06:52:44.933+0000] {processor.py:183} INFO - Processing /opt/airflow/dags/retrain_dag.py took 0.079 seconds
[2026-04-28T06:53:15.030+0000] {processor.py:161} INFO - Started process (PID=286) to work on /opt/airflow/dags/retrain_dag.py
[2026-04-28T06:53:15.031+0000] {processor.py:830} INFO - Processing file /opt/airflow/dags/retrain_dag.py for tasks to queue
[2026-04-28T06:53:15.032+0000] {logging_mixin.py:188} INFO - [2026-04-28T06:53:15.032+0000] {dagbag.py:538} INFO - Filling up the DagBag from /opt/airflow/dags/retrain_dag.py
[2026-04-28T06:53:15.052+0000] {processor.py:840} INFO - DAG(s) 'stock_prediction_pipeline' retrieved from /opt/airflow/dags/retrain_dag.py
[2026-04-28T06:53:15.084+0000] {logging_mixin.py:188} INFO - [2026-04-28T06:53:15.084+0000] {dag.py:3036} INFO - Sync 1 DAGs
[2026-04-28T06:53:15.105+0000] {logging_mixin.py:188} INFO - [2026-04-28T06:53:15.105+0000] {dag.py:3823} INFO - Setting next_dagrun for stock_prediction_pipeline to 2026-04-28 00:00:00+00:00, run_after=2026-04-29 00:00:00+00:00
[2026-04-28T06:53:15.124+0000] {processor.py:183} INFO - Processing /opt/airflow/dags/retrain_dag.py took 0.096 seconds
[2026-04-28T07:13:00.225+0000] {processor.py:161} INFO - Started process (PID=199) to work on /opt/airflow/dags/retrain_dag.py
[2026-04-28T07:13:00.226+0000] {processor.py:830} INFO - Processing file /opt/airflow/dags/retrain_dag.py for tasks to queue
[2026-04-28T07:13:00.227+0000] {logging_mixin.py:188} INFO - [2026-04-28T07:13:00.227+0000] {dagbag.py:538} INFO - Filling up the DagBag from /opt/airflow/dags/retrain_dag.py
[2026-04-28T07:13:00.258+0000] {processor.py:840} INFO - DAG(s) 'stock_prediction_pipeline' retrieved from /opt/airflow/dags/retrain_dag.py
[2026-04-28T07:13:00.451+0000] {logging_mixin.py:188} INFO - [2026-04-28T07:13:00.450+0000] {override.py:1769} INFO - Created Permission View: can delete on DAG:stock_prediction_pipeline
[2026-04-28T07:13:00.458+0000] {logging_mixin.py:188} INFO - [2026-04-28T07:13:00.458+0000] {override.py:1769} INFO - Created Permission View: can read on DAG:stock_prediction_pipeline
[2026-04-28T07:13:00.463+0000] {logging_mixin.py:188} INFO - [2026-04-28T07:13:00.463+0000] {override.py:1769} INFO - Created Permission View: can edit on DAG:stock_prediction_pipeline
[2026-04-28T07:13:00.463+0000] {logging_mixin.py:188} INFO - [2026-04-28T07:13:00.463+0000] {dag.py:3036} INFO - Sync 1 DAGs
[2026-04-28T07:13:00.472+0000] {logging_mixin.py:188} INFO - [2026-04-28T07:13:00.472+0000] {dag.py:3058} INFO - Creating ORM DAG for stock_prediction_pipeline
[2026-04-28T07:13:00.481+0000] {logging_mixin.py:188} INFO - [2026-04-28T07:13:00.480+0000] {dag.py:3823} INFO - Setting next_dagrun for stock_prediction_pipeline to 2026-04-27 00:00:00+00:00, run_after=2026-04-28 00:00:00+00:00
[2026-04-28T07:13:00.495+0000] {processor.py:183} INFO - Processing /opt/airflow/dags/retrain_dag.py took 0.273 seconds
[2026-04-28T07:13:30.681+0000] {processor.py:161} INFO - Started process (PID=204) to work on /opt/airflow/dags/retrain_dag.py
[2026-04-28T07:13:30.683+0000] {processor.py:830} INFO - Processing file /opt/airflow/dags/retrain_dag.py for tasks to queue
[2026-04-28T07:13:30.684+0000] {logging_mixin.py:188} INFO - [2026-04-28T07:13:30.683+0000] {dagbag.py:538} INFO - Filling up the DagBag from /opt/airflow/dags/retrain_dag.py
[2026-04-28T07:13:30.710+0000] {processor.py:840} INFO - DAG(s) 'stock_prediction_pipeline' retrieved from /opt/airflow/dags/retrain_dag.py
[2026-04-28T07:13:30.741+0000] {logging_mixin.py:188} INFO - [2026-04-28T07:13:30.741+0000] {dag.py:3036} INFO - Sync 1 DAGs
[2026-04-28T07:13:30.764+0000] {logging_mixin.py:188} INFO - [2026-04-28T07:13:30.764+0000] {dag.py:3823} INFO - Setting next_dagrun for stock_prediction_pipeline to 2026-04-27 00:00:00+00:00, run_after=2026-04-28 00:00:00+00:00
[2026-04-28T07:13:30.800+0000] {processor.py:183} INFO - Processing /opt/airflow/dags/retrain_dag.py took 0.124 seconds
[2026-04-28T07:14:00.854+0000] {processor.py:161} INFO - Started process (PID=241) to work on /opt/airflow/dags/retrain_dag.py
[2026-04-28T07:14:00.855+0000] {processor.py:830} INFO - Processing file /opt/airflow/dags/retrain_dag.py for tasks to queue
[2026-04-28T07:14:00.856+0000] {logging_mixin.py:188} INFO - [2026-04-28T07:14:00.856+0000] {dagbag.py:538} INFO - Filling up the DagBag from /opt/airflow/dags/retrain_dag.py
[2026-04-28T07:14:00.883+0000] {processor.py:840} INFO - DAG(s) 'stock_prediction_pipeline' retrieved from /opt/airflow/dags/retrain_dag.py
[2026-04-28T07:14:00.914+0000] {logging_mixin.py:188} INFO - [2026-04-28T07:14:00.914+0000] {dag.py:3036} INFO - Sync 1 DAGs
[2026-04-28T07:14:00.938+0000] {logging_mixin.py:188} INFO - [2026-04-28T07:14:00.937+0000] {dag.py:3823} INFO - Setting next_dagrun for stock_prediction_pipeline to 2026-04-28 00:00:00+00:00, run_after=2026-04-29 00:00:00+00:00
[2026-04-28T07:14:00.957+0000] {processor.py:183} INFO - Processing /opt/airflow/dags/retrain_dag.py took 0.108 seconds
[2026-04-28T07:14:31.141+0000] {processor.py:161} INFO - Started process (PID=246) to work on /opt/airflow/dags/retrain_dag.py
[2026-04-28T07:14:31.142+0000] {processor.py:830} INFO - Processing file /opt/airflow/dags/retrain_dag.py for tasks to queue
[2026-04-28T07:14:31.143+0000] {logging_mixin.py:188} INFO - [2026-04-28T07:14:31.143+0000] {dagbag.py:538} INFO - Filling up the DagBag from /opt/airflow/dags/retrain_dag.py
[2026-04-28T07:14:31.167+0000] {processor.py:840} INFO - DAG(s) 'stock_prediction_pipeline' retrieved from /opt/airflow/dags/retrain_dag.py
[2026-04-28T07:14:31.196+0000] {logging_mixin.py:188} INFO - [2026-04-28T07:14:31.196+0000] {dag.py:3036} INFO - Sync 1 DAGs
[2026-04-28T07:14:31.217+0000] {logging_mixin.py:188} INFO - [2026-04-28T07:14:31.216+0000] {dag.py:3823} INFO - Setting next_dagrun for stock_prediction_pipeline to 2026-04-28 00:00:00+00:00, run_after=2026-04-29 00:00:00+00:00
[2026-04-28T07:14:31.236+0000] {processor.py:183} INFO - Processing /opt/airflow/dags/retrain_dag.py took 0.098 seconds
[2026-04-28T07:15:01.331+0000] {processor.py:161} INFO - Started process (PID=251) to work on /opt/airflow/dags/retrain_dag.py
[2026-04-28T07:15:01.332+0000] {processor.py:830} INFO - Processing file /opt/airflow/dags/retrain_dag.py for tasks to queue
[2026-04-28T07:15:01.333+0000] {logging_mixin.py:188} INFO - [2026-04-28T07:15:01.333+0000] {dagbag.py:538} INFO - Filling up the DagBag from /opt/airflow/dags/retrain_dag.py
[2026-04-28T07:15:01.359+0000] {processor.py:840} INFO - DAG(s) 'stock_prediction_pipeline' retrieved from /opt/airflow/dags/retrain_dag.py
[2026-04-28T07:15:01.392+0000] {logging_mixin.py:188} INFO - [2026-04-28T07:15:01.391+0000] {dag.py:3036} INFO - Sync 1 DAGs
[2026-04-28T07:15:01.412+0000] {logging_mixin.py:188} INFO - [2026-04-28T07:15:01.412+0000] {dag.py:3823} INFO - Setting next_dagrun for stock_prediction_pipeline to 2026-04-28 00:00:00+00:00, run_after=2026-04-29 00:00:00+00:00
[2026-04-28T07:15:01.431+0000] {processor.py:183} INFO - Processing /opt/airflow/dags/retrain_dag.py took 0.104 seconds
[2026-04-28T07:15:31.577+0000] {processor.py:161} INFO - Started process (PID=256) to work on /opt/airflow/dags/retrain_dag.py
[2026-04-28T07:15:31.578+0000] {processor.py:830} INFO - Processing file /opt/airflow/dags/retrain_dag.py for tasks to queue
[2026-04-28T07:15:31.579+0000] {logging_mixin.py:188} INFO - [2026-04-28T07:15:31.578+0000] {dagbag.py:538} INFO - Filling up the DagBag from /opt/airflow/dags/retrain_dag.py
[2026-04-28T07:15:31.602+0000] {processor.py:840} INFO - DAG(s) 'stock_prediction_pipeline' retrieved from /opt/airflow/dags/retrain_dag.py
[2026-04-28T07:15:31.630+0000] {logging_mixin.py:188} INFO - [2026-04-28T07:15:31.629+0000] {dag.py:3036} INFO - Sync 1 DAGs
[2026-04-28T07:15:31.649+0000] {logging_mixin.py:188} INFO - [2026-04-28T07:15:31.649+0000] {dag.py:3823} INFO - Setting next_dagrun for stock_prediction_pipeline to 2026-04-28 00:00:00+00:00, run_after=2026-04-29 00:00:00+00:00
[2026-04-28T07:15:31.666+0000] {processor.py:183} INFO - Processing /opt/airflow/dags/retrain_dag.py took 0.093 seconds
[2026-04-28T07:16:01.754+0000] {processor.py:161} INFO - Started process (PID=261) to work on /opt/airflow/dags/retrain_dag.py
[2026-04-28T07:16:01.754+0000] {processor.py:830} INFO - Processing file /opt/airflow/dags/retrain_dag.py for tasks to queue
[2026-04-28T07:16:01.755+0000] {logging_mixin.py:188} INFO - [2026-04-28T07:16:01.755+0000] {dagbag.py:538} INFO - Filling up the DagBag from /opt/airflow/dags/retrain_dag.py
[2026-04-28T07:16:01.774+0000] {processor.py:840} INFO - DAG(s) 'stock_prediction_pipeline' retrieved from /opt/airflow/dags/retrain_dag.py
[2026-04-28T07:16:01.797+0000] {logging_mixin.py:188} INFO - [2026-04-28T07:16:01.797+0000] {dag.py:3036} INFO - Sync 1 DAGs
[2026-04-28T07:16:01.814+0000] {logging_mixin.py:188} INFO - [2026-04-28T07:16:01.814+0000] {dag.py:3823} INFO - Setting next_dagrun for stock_prediction_pipeline to 2026-04-28 00:00:00+00:00, run_after=2026-04-29 00:00:00+00:00
[2026-04-28T07:16:01.839+0000] {processor.py:183} INFO - Processing /opt/airflow/dags/retrain_dag.py took 0.088 seconds
[2026-04-28T07:16:31.979+0000] {processor.py:161} INFO - Started process (PID=266) to work on /opt/airflow/dags/retrain_dag.py
[2026-04-28T07:16:31.980+0000] {processor.py:830} INFO - Processing file /opt/airflow/dags/retrain_dag.py for tasks to queue
[2026-04-28T07:16:31.981+0000] {logging_mixin.py:188} INFO - [2026-04-28T07:16:31.981+0000] {dagbag.py:538} INFO - Filling up the DagBag from /opt/airflow/dags/retrain_dag.py
[2026-04-28T07:16:32.007+0000] {processor.py:840} INFO - DAG(s) 'stock_prediction_pipeline' retrieved from /opt/airflow/dags/retrain_dag.py
[2026-04-28T07:16:32.034+0000] {logging_mixin.py:188} INFO - [2026-04-28T07:16:32.033+0000] {dag.py:3036} INFO - Sync 1 DAGs
[2026-04-28T07:16:32.054+0000] {logging_mixin.py:188} INFO - [2026-04-28T07:16:32.053+0000] {dag.py:3823} INFO - Setting next_dagrun for stock_prediction_pipeline to 2026-04-28 00:00:00+00:00, run_after=2026-04-29 00:00:00+00:00
[2026-04-28T07:16:32.072+0000] {processor.py:183} INFO - Processing /opt/airflow/dags/retrain_dag.py took 0.097 seconds
[2026-04-28T07:17:02.160+0000] {processor.py:161} INFO - Started process (PID=271) to work on /opt/airflow/dags/retrain_dag.py
[2026-04-28T07:17:02.161+0000] {processor.py:830} INFO - Processing file /opt/airflow/dags/retrain_dag.py for tasks to queue
[2026-04-28T07:17:02.161+0000] {logging_mixin.py:188} INFO - [2026-04-28T07:17:02.161+0000] {dagbag.py:538} INFO - Filling up the DagBag from /opt/airflow/dags/retrain_dag.py
[2026-04-28T07:17:02.180+0000] {processor.py:840} INFO - DAG(s) 'stock_prediction_pipeline' retrieved from /opt/airflow/dags/retrain_dag.py
[2026-04-28T07:17:02.207+0000] {logging_mixin.py:188} INFO - [2026-04-28T07:17:02.207+0000] {dag.py:3036} INFO - Sync 1 DAGs
[2026-04-28T07:17:02.224+0000] {logging_mixin.py:188} INFO - [2026-04-28T07:17:02.224+0000] {dag.py:3823} INFO - Setting next_dagrun for stock_prediction_pipeline to 2026-04-28 00:00:00+00:00, run_after=2026-04-29 00:00:00+00:00
[2026-04-28T07:17:02.240+0000] {processor.py:183} INFO - Processing /opt/airflow/dags/retrain_dag.py took 0.083 seconds
