[2026-04-28T06:24:36.287+0000] {manager.py:469} INFO - Processing files using up to 2 processes at a time 
[2026-04-28T06:24:36.288+0000] {manager.py:470} INFO - Process each file at most once every 30 seconds
[2026-04-28T06:24:36.288+0000] {manager.py:471} INFO - Checking for new files in /opt/airflow/dags every 300 seconds
[2026-04-28T06:24:36.288+0000] {manager.py:738} INFO - Searching for files in /opt/airflow/dags
[2026-04-28T06:24:36.289+0000] {manager.py:741} INFO - There are 0 files in /opt/airflow/dags
[2026-04-28T06:29:36.473+0000] {manager.py:738} INFO - Searching for files in /opt/airflow/dags
[2026-04-28T06:29:36.475+0000] {manager.py:741} INFO - There are 0 files in /opt/airflow/dags
[2026-04-28T06:34:36.653+0000] {manager.py:738} INFO - Searching for files in /opt/airflow/dags
[2026-04-28T06:34:36.655+0000] {manager.py:741} INFO - There are 0 files in /opt/airflow/dags
[2026-04-28T06:39:36.831+0000] {manager.py:738} INFO - Searching for files in /opt/airflow/dags
[2026-04-28T06:39:36.832+0000] {manager.py:741} INFO - There are 0 files in /opt/airflow/dags
[2026-04-28T06:44:37.003+0000] {manager.py:738} INFO - Searching for files in /opt/airflow/dags
[2026-04-28T06:44:37.064+0000] {manager.py:741} INFO - There are 1 files in /opt/airflow/dags
[2026-04-28T06:44:40.919+0000] {manager.py:879} INFO - 
================================================================================
DAG File Processing Stats

File Path                         PID    Runtime      # DAGs    # Errors  Last Runtime    Last Run
--------------------------------  -----  ---------  --------  ----------  --------------  -------------------
/opt/airflow/dags/retrain_dag.py                           1           0  3.55s           2026-04-28T06:44:40
================================================================================
[2026-04-28T06:45:11.122+0000] {manager.py:879} INFO - 
================================================================================
DAG File Processing Stats

File Path                           PID  Runtime      # DAGs    # Errors  Last Runtime    Last Run
--------------------------------  -----  ---------  --------  ----------  --------------  -------------------
/opt/airflow/dags/retrain_dag.py    176  0.04s             1           0  3.55s           2026-04-28T06:44:40
================================================================================
[2026-04-28T06:45:41.299+0000] {manager.py:879} INFO - 
================================================================================
DAG File Processing Stats

File Path                         PID    Runtime      # DAGs    # Errors  Last Runtime    Last Run
--------------------------------  -----  ---------  --------  ----------  --------------  -------------------
/opt/airflow/dags/retrain_dag.py                           1           0  0.26s           2026-04-28T06:45:11
================================================================================
[2026-04-28T06:46:11.686+0000] {manager.py:879} INFO - 
================================================================================
DAG File Processing Stats

File Path                         PID    Runtime      # DAGs    # Errors  Last Runtime    Last Run
--------------------------------  -----  ---------  --------  ----------  --------------  -------------------
/opt/airflow/dags/retrain_dag.py                           1           0  0.24s           2026-04-28T06:45:41
================================================================================
[2026-04-28T06:46:42.086+0000] {manager.py:879} INFO - 
================================================================================
DAG File Processing Stats

File Path                         PID    Runtime      # DAGs    # Errors  Last Runtime    Last Run
--------------------------------  -----  ---------  --------  ----------  --------------  -------------------
/opt/airflow/dags/retrain_dag.py                           1           0  0.20s           2026-04-28T06:46:12
================================================================================
[2026-04-28T06:47:12.439+0000] {manager.py:879} INFO - 
================================================================================
DAG File Processing Stats

File Path                           PID  Runtime      # DAGs    # Errors  Last Runtime    Last Run
--------------------------------  -----  ---------  --------  ----------  --------------  -------------------
/opt/airflow/dags/retrain_dag.py    211  0.01s             1           0  0.11s           2026-04-28T06:46:42
================================================================================
[2026-04-28T06:47:42.703+0000] {manager.py:879} INFO - 
================================================================================
DAG File Processing Stats

File Path                           PID  Runtime      # DAGs    # Errors  Last Runtime    Last Run
--------------------------------  -----  ---------  --------  ----------  --------------  -------------------
/opt/airflow/dags/retrain_dag.py    216  0.00s             1           0  0.12s           2026-04-28T06:47:12
================================================================================
[2026-04-28T06:48:12.875+0000] {manager.py:879} INFO - 
================================================================================
DAG File Processing Stats

File Path                           PID  Runtime      # DAGs    # Errors  Last Runtime    Last Run
--------------------------------  -----  ---------  --------  ----------  --------------  -------------------
/opt/airflow/dags/retrain_dag.py    221  0.00s             1           0  0.11s           2026-04-28T06:47:42
================================================================================
[2026-04-28T06:48:43.123+0000] {manager.py:879} INFO - 
================================================================================
DAG File Processing Stats

File Path                           PID  Runtime      # DAGs    # Errors  Last Runtime    Last Run
--------------------------------  -----  ---------  --------  ----------  --------------  -------------------
/opt/airflow/dags/retrain_dag.py    226  0.01s             1           0  0.11s           2026-04-28T06:48:12
================================================================================
[2026-04-28T06:49:13.314+0000] {manager.py:879} INFO - 
================================================================================
DAG File Processing Stats

File Path                           PID  Runtime      # DAGs    # Errors  Last Runtime    Last Run
--------------------------------  -----  ---------  --------  ----------  --------------  -------------------
/opt/airflow/dags/retrain_dag.py    231  0.01s             1           0  0.12s           2026-04-28T06:48:43
================================================================================
[2026-04-28T06:49:37.520+0000] {manager.py:738} INFO - Searching for files in /opt/airflow/dags
[2026-04-28T06:49:37.543+0000] {manager.py:741} INFO - There are 1 files in /opt/airflow/dags
[2026-04-28T06:49:43.602+0000] {manager.py:879} INFO - 
================================================================================
DAG File Processing Stats

File Path                           PID  Runtime      # DAGs    # Errors  Last Runtime    Last Run
--------------------------------  -----  ---------  --------  ----------  --------------  -------------------
/opt/airflow/dags/retrain_dag.py    236  0.01s             1           0  0.13s           2026-04-28T06:49:13
================================================================================
[2026-04-28T06:50:13.791+0000] {manager.py:879} INFO - 
================================================================================
DAG File Processing Stats

File Path                           PID  Runtime      # DAGs    # Errors  Last Runtime    Last Run
--------------------------------  -----  ---------  --------  ----------  --------------  -------------------
/opt/airflow/dags/retrain_dag.py    241  0.01s             1           0  0.13s           2026-04-28T06:49:43
================================================================================
[2026-04-28T06:50:44.040+0000] {manager.py:879} INFO - 
================================================================================
DAG File Processing Stats

File Path                           PID  Runtime      # DAGs    # Errors  Last Runtime    Last Run
--------------------------------  -----  ---------  --------  ----------  --------------  -------------------
/opt/airflow/dags/retrain_dag.py    246  0.01s             1           0  0.13s           2026-04-28T06:50:13
================================================================================
[2026-04-28T06:51:14.209+0000] {manager.py:879} INFO - 
================================================================================
DAG File Processing Stats

File Path                           PID  Runtime      # DAGs    # Errors  Last Runtime    Last Run
--------------------------------  -----  ---------  --------  ----------  --------------  -------------------
/opt/airflow/dags/retrain_dag.py    251  0.00s             1           0  0.11s           2026-04-28T06:50:44
================================================================================
[2026-04-28T06:51:44.429+0000] {manager.py:879} INFO - 
================================================================================
DAG File Processing Stats

File Path                           PID  Runtime      # DAGs    # Errors  Last Runtime    Last Run
--------------------------------  -----  ---------  --------  ----------  --------------  -------------------
/opt/airflow/dags/retrain_dag.py    262  0.00s             1           0  0.11s           2026-04-28T06:51:14
================================================================================
[2026-04-28T06:52:14.609+0000] {manager.py:879} INFO - 
================================================================================
DAG File Processing Stats

File Path                           PID  Runtime      # DAGs    # Errors  Last Runtime    Last Run
--------------------------------  -----  ---------  --------  ----------  --------------  -------------------
/opt/airflow/dags/retrain_dag.py    276  0.00s             1           0  0.11s           2026-04-28T06:51:44
================================================================================
[2026-04-28T06:52:44.842+0000] {manager.py:879} INFO - 
================================================================================
DAG File Processing Stats

File Path                           PID  Runtime      # DAGs    # Errors  Last Runtime    Last Run
--------------------------------  -----  ---------  --------  ----------  --------------  -------------------
/opt/airflow/dags/retrain_dag.py    281  0.00s             1           0  0.09s           2026-04-28T06:52:14
================================================================================
[2026-04-28T06:53:15.017+0000] {manager.py:879} INFO - 
================================================================================
DAG File Processing Stats

File Path                           PID  Runtime      # DAGs    # Errors  Last Runtime    Last Run
--------------------------------  -----  ---------  --------  ----------  --------------  -------------------
/opt/airflow/dags/retrain_dag.py    286  0.00s             1           0  0.11s           2026-04-28T06:52:44
================================================================================
[2026-04-28T06:53:19.573+0000] {manager.py:451} INFO - Exiting gracefully upon receiving signal 15
[2026-04-28T07:13:00.126+0000] {manager.py:469} INFO - Processing files using up to 2 processes at a time 
[2026-04-28T07:13:00.128+0000] {manager.py:470} INFO - Process each file at most once every 30 seconds
[2026-04-28T07:13:00.128+0000] {manager.py:471} INFO - Checking for new files in /opt/airflow/dags every 300 seconds
[2026-04-28T07:13:00.128+0000] {manager.py:738} INFO - Searching for files in /opt/airflow/dags
[2026-04-28T07:13:00.154+0000] {manager.py:741} INFO - There are 1 files in /opt/airflow/dags
[2026-04-28T07:13:00.243+0000] {manager.py:879} INFO - 
================================================================================
DAG File Processing Stats

File Path                           PID  Runtime      # DAGs    # Errors  Last Runtime    Last Run
--------------------------------  -----  ---------  --------  ----------  --------------  ----------
/opt/airflow/dags/retrain_dag.py    199  0.04s             0           0
================================================================================
[2026-04-28T07:13:30.402+0000] {manager.py:879} INFO - 
================================================================================
DAG File Processing Stats

File Path                         PID    Runtime      # DAGs    # Errors  Last Runtime    Last Run
--------------------------------  -----  ---------  --------  ----------  --------------  -------------------
/opt/airflow/dags/retrain_dag.py                           1           0  0.31s           2026-04-28T07:13:00
================================================================================
[2026-04-28T07:14:00.835+0000] {manager.py:879} INFO - 
================================================================================
DAG File Processing Stats

File Path                           PID  Runtime      # DAGs    # Errors  Last Runtime    Last Run
--------------------------------  -----  ---------  --------  ----------  --------------  -------------------
/opt/airflow/dags/retrain_dag.py    241  0.00s             1           0  0.16s           2026-04-28T07:13:30
================================================================================
[2026-04-28T07:14:31.126+0000] {manager.py:879} INFO - 
================================================================================
DAG File Processing Stats

File Path                           PID  Runtime      # DAGs    # Errors  Last Runtime    Last Run
--------------------------------  -----  ---------  --------  ----------  --------------  -------------------
/opt/airflow/dags/retrain_dag.py    246  0.00s             1           0  0.14s           2026-04-28T07:14:00
================================================================================
[2026-04-28T07:15:01.314+0000] {manager.py:879} INFO - 
================================================================================
DAG File Processing Stats

File Path                           PID  Runtime      # DAGs    # Errors  Last Runtime    Last Run
--------------------------------  -----  ---------  --------  ----------  --------------  -------------------
/opt/airflow/dags/retrain_dag.py    251  0.00s             1           0  0.13s           2026-04-28T07:14:31
================================================================================
[2026-04-28T07:15:31.559+0000] {manager.py:879} INFO - 
================================================================================
DAG File Processing Stats

File Path                           PID  Runtime      # DAGs    # Errors  Last Runtime    Last Run
--------------------------------  -----  ---------  --------  ----------  --------------  -------------------
/opt/airflow/dags/retrain_dag.py    256  0.01s             1           0  0.13s           2026-04-28T07:15:01
================================================================================
[2026-04-28T07:16:01.741+0000] {manager.py:879} INFO - 
================================================================================
DAG File Processing Stats

File Path                           PID  Runtime      # DAGs    # Errors  Last Runtime    Last Run
--------------------------------  -----  ---------  --------  ----------  --------------  -------------------
/opt/airflow/dags/retrain_dag.py    261  0.00s             1           0  0.12s           2026-04-28T07:15:31
================================================================================
[2026-04-28T07:16:31.964+0000] {manager.py:879} INFO - 
================================================================================
DAG File Processing Stats

File Path                           PID  Runtime      # DAGs    # Errors  Last Runtime    Last Run
--------------------------------  -----  ---------  --------  ----------  --------------  -------------------
/opt/airflow/dags/retrain_dag.py    266  0.01s             1           0  0.12s           2026-04-28T07:16:01
================================================================================
[2026-04-28T07:17:02.147+0000] {manager.py:879} INFO - 
================================================================================
DAG File Processing Stats

File Path                           PID  Runtime      # DAGs    # Errors  Last Runtime    Last Run
--------------------------------  -----  ---------  --------  ----------  --------------  -------------------
/opt/airflow/dags/retrain_dag.py    271  0.00s             1           0  0.12s           2026-04-28T07:16:32
================================================================================
[2026-04-28T07:17:31.931+0000] {manager.py:451} INFO - Exiting gracefully upon receiving signal 15
