[2026-04-28T06:46:30.740+0000] {taskinstance.py:1956} INFO - Dependencies all met for dep_context=non-requeueable deps ti=<TaskInstance: stock_prediction_pipeline.ingest_data scheduled__2026-04-27T00:00:00+00:00 [queued]>
[2026-04-28T06:46:30.747+0000] {taskinstance.py:1956} INFO - Dependencies all met for dep_context=requeueable deps ti=<TaskInstance: stock_prediction_pipeline.ingest_data scheduled__2026-04-27T00:00:00+00:00 [queued]>
[2026-04-28T06:46:30.748+0000] {taskinstance.py:2170} INFO - Starting attempt 1 of 2
[2026-04-28T06:46:30.759+0000] {taskinstance.py:2191} INFO - Executing <Task(BashOperator): ingest_data> on 2026-04-27 00:00:00+00:00
[2026-04-28T06:46:30.767+0000] {standard_task_runner.py:60} INFO - Started process 192 to run task
[2026-04-28T06:46:30.770+0000] {standard_task_runner.py:87} INFO - Running: ['***', 'tasks', 'run', 'stock_prediction_pipeline', 'ingest_data', 'scheduled__2026-04-27T00:00:00+00:00', '--job-id', '2', '--raw', '--subdir', 'DAGS_FOLDER/retrain_dag.py', '--cfg-path', '/tmp/tmpf7_dx8eq']
[2026-04-28T06:46:30.773+0000] {standard_task_runner.py:88} INFO - Job 2: Subtask ingest_data
[2026-04-28T06:46:30.822+0000] {task_command.py:423} INFO - Running <TaskInstance: stock_prediction_pipeline.ingest_data scheduled__2026-04-27T00:00:00+00:00 [running]> on host 900e928e86ef
[2026-04-28T06:46:30.898+0000] {taskinstance.py:2480} INFO - Exporting env vars: AIRFLOW_CTX_DAG_OWNER='***' AIRFLOW_CTX_DAG_ID='stock_prediction_pipeline' AIRFLOW_CTX_TASK_ID='ingest_data' AIRFLOW_CTX_EXECUTION_DATE='2026-04-27T00:00:00+00:00' AIRFLOW_CTX_TRY_NUMBER='1' AIRFLOW_CTX_DAG_RUN_ID='scheduled__2026-04-27T00:00:00+00:00'
[2026-04-28T06:46:30.899+0000] {subprocess.py:63} INFO - Tmp dir root location: /tmp
[2026-04-28T06:46:30.900+0000] {subprocess.py:75} INFO - Running command: ['/usr/bin/bash', '-c', 'python /opt/***/src/ingest.py']
[2026-04-28T06:46:30.915+0000] {subprocess.py:86} INFO - Output:
[2026-04-28T06:46:30.992+0000] {subprocess.py:93} INFO - Traceback (most recent call last):
[2026-04-28T06:46:30.993+0000] {subprocess.py:93} INFO -   File "/opt/***/src/ingest.py", line 1, in <module>
[2026-04-28T06:46:30.993+0000] {subprocess.py:93} INFO -     import yfinance as yf
[2026-04-28T06:46:30.994+0000] {subprocess.py:93} INFO - ModuleNotFoundError: No module named 'yfinance'
[2026-04-28T06:46:30.996+0000] {subprocess.py:97} INFO - Command exited with return code 1
[2026-04-28T06:46:31.006+0000] {taskinstance.py:2698} ERROR - Task failed with exception
Traceback (most recent call last):
  File "/home/airflow/.local/lib/python3.8/site-packages/airflow/models/taskinstance.py", line 433, in _execute_task
    result = execute_callable(context=context, **execute_callable_kwargs)
  File "/home/airflow/.local/lib/python3.8/site-packages/airflow/operators/bash.py", line 212, in execute
    raise AirflowException(
airflow.exceptions.AirflowException: Bash command failed. The command returned a non-zero exit code 1.
[2026-04-28T06:46:31.010+0000] {taskinstance.py:1138} INFO - Marking task as UP_FOR_RETRY. dag_id=stock_prediction_pipeline, task_id=ingest_data, execution_date=20260427T000000, start_date=20260428T064630, end_date=20260428T064631
[2026-04-28T06:46:31.021+0000] {standard_task_runner.py:107} ERROR - Failed to execute job 2 for task ingest_data (Bash command failed. The command returned a non-zero exit code 1.; 192)
[2026-04-28T06:46:31.064+0000] {local_task_job_runner.py:234} INFO - Task exited with return code 1
[2026-04-28T06:46:31.087+0000] {taskinstance.py:3280} INFO - 0 downstream tasks scheduled from follow-on schedule check
[2026-04-28T07:13:43.852+0000] {taskinstance.py:1956} INFO - Dependencies all met for dep_context=non-requeueable deps ti=<TaskInstance: stock_prediction_pipeline.ingest_data scheduled__2026-04-27T00:00:00+00:00 [queued]>
[2026-04-28T07:13:43.858+0000] {taskinstance.py:1956} INFO - Dependencies all met for dep_context=requeueable deps ti=<TaskInstance: stock_prediction_pipeline.ingest_data scheduled__2026-04-27T00:00:00+00:00 [queued]>
[2026-04-28T07:13:43.858+0000] {taskinstance.py:2170} INFO - Starting attempt 1 of 2
[2026-04-28T07:13:43.869+0000] {taskinstance.py:2191} INFO - Executing <Task(BashOperator): ingest_data> on 2026-04-27 00:00:00+00:00
[2026-04-28T07:13:43.874+0000] {standard_task_runner.py:60} INFO - Started process 210 to run task
[2026-04-28T07:13:43.878+0000] {standard_task_runner.py:87} INFO - Running: ['***', 'tasks', 'run', 'stock_prediction_pipeline', 'ingest_data', 'scheduled__2026-04-27T00:00:00+00:00', '--job-id', '2', '--raw', '--subdir', 'DAGS_FOLDER/retrain_dag.py', '--cfg-path', '/tmp/tmpc9v24ibf']
[2026-04-28T07:13:43.881+0000] {standard_task_runner.py:88} INFO - Job 2: Subtask ingest_data
[2026-04-28T07:13:43.947+0000] {task_command.py:423} INFO - Running <TaskInstance: stock_prediction_pipeline.ingest_data scheduled__2026-04-27T00:00:00+00:00 [running]> on host 55aebcd8d304
[2026-04-28T07:13:44.016+0000] {taskinstance.py:2480} INFO - Exporting env vars: AIRFLOW_CTX_DAG_OWNER='***' AIRFLOW_CTX_DAG_ID='stock_prediction_pipeline' AIRFLOW_CTX_TASK_ID='ingest_data' AIRFLOW_CTX_EXECUTION_DATE='2026-04-27T00:00:00+00:00' AIRFLOW_CTX_TRY_NUMBER='1' AIRFLOW_CTX_DAG_RUN_ID='scheduled__2026-04-27T00:00:00+00:00'
[2026-04-28T07:13:44.018+0000] {subprocess.py:63} INFO - Tmp dir root location: /tmp
[2026-04-28T07:13:44.019+0000] {subprocess.py:75} INFO - Running command: ['/usr/bin/bash', '-c', 'python /opt/***/src/ingest.py']
[2026-04-28T07:13:44.029+0000] {subprocess.py:86} INFO - Output:
[2026-04-28T07:13:45.933+0000] {subprocess.py:93} INFO - Traceback (most recent call last):
[2026-04-28T07:13:45.934+0000] {subprocess.py:93} INFO -   File "/opt/***/src/ingest.py", line 1, in <module>
[2026-04-28T07:13:45.934+0000] {subprocess.py:93} INFO -     import yfinance as yf
[2026-04-28T07:13:45.934+0000] {subprocess.py:93} INFO -   File "/home/***/.local/lib/python3.8/site-packages/yfinance/__init__.py", line 27, in <module>
[2026-04-28T07:13:45.935+0000] {subprocess.py:93} INFO -     from .tickers import Tickers
[2026-04-28T07:13:45.935+0000] {subprocess.py:93} INFO -   File "/home/***/.local/lib/python3.8/site-packages/yfinance/tickers.py", line 24, in <module>
[2026-04-28T07:13:45.936+0000] {subprocess.py:93} INFO -     from . import Ticker, multi
[2026-04-28T07:13:45.936+0000] {subprocess.py:93} INFO -   File "/home/***/.local/lib/python3.8/site-packages/yfinance/multi.py", line 29, in <module>
[2026-04-28T07:13:45.936+0000] {subprocess.py:93} INFO -     import multitasking as _multitasking
[2026-04-28T07:13:45.937+0000] {subprocess.py:93} INFO -   File "/home/***/.local/lib/python3.8/site-packages/multitasking/__init__.py", line 36, in <module>
[2026-04-28T07:13:45.937+0000] {subprocess.py:93} INFO -     class PoolConfig(TypedDict):
[2026-04-28T07:13:45.937+0000] {subprocess.py:93} INFO -   File "/home/***/.local/lib/python3.8/site-packages/multitasking/__init__.py", line 44, in PoolConfig
[2026-04-28T07:13:45.937+0000] {subprocess.py:93} INFO -     engine: Union[type[Thread], type[Process]]  # Execution engine
[2026-04-28T07:13:45.937+0000] {subprocess.py:93} INFO - TypeError: 'type' object is not subscriptable
[2026-04-28T07:13:46.090+0000] {subprocess.py:97} INFO - Command exited with return code 1
[2026-04-28T07:13:46.100+0000] {taskinstance.py:2698} ERROR - Task failed with exception
Traceback (most recent call last):
  File "/home/airflow/.local/lib/python3.8/site-packages/airflow/models/taskinstance.py", line 433, in _execute_task
    result = execute_callable(context=context, **execute_callable_kwargs)
  File "/home/airflow/.local/lib/python3.8/site-packages/airflow/operators/bash.py", line 212, in execute
    raise AirflowException(
airflow.exceptions.AirflowException: Bash command failed. The command returned a non-zero exit code 1.
[2026-04-28T07:13:46.102+0000] {taskinstance.py:1138} INFO - Marking task as UP_FOR_RETRY. dag_id=stock_prediction_pipeline, task_id=ingest_data, execution_date=20260427T000000, start_date=20260428T071343, end_date=20260428T071346
[2026-04-28T07:13:46.115+0000] {standard_task_runner.py:107} ERROR - Failed to execute job 2 for task ingest_data (Bash command failed. The command returned a non-zero exit code 1.; 210)
[2026-04-28T07:13:46.138+0000] {local_task_job_runner.py:234} INFO - Task exited with return code 1
[2026-04-28T07:13:46.164+0000] {taskinstance.py:3280} INFO - 0 downstream tasks scheduled from follow-on schedule check
